<?xml version="1.0" encoding="UTF-8"?>
<!-- Generated by org.testng.reporters.JUnitReportReporter -->
<testsuite skipped="0" hostname="DESKTOP-0SP0QG2" name="test.WelcomePageTestCase" tests="4" failures="0" timestamp="27 Jul 2024 11:24:23 GMT" time="57.620" errors="0">
  <testcase name="loginTestCase" time="41.324" classname="test.WelcomePageTestCase"/>
  <testcase name="homePageTest" time="4.470" classname="test.WelcomePageTestCase"/>
  <testcase name="readDatafromFile" time="6.816" classname="test.WelcomePageTestCase"/>
  <testcase name="writeData" time="5.010" classname="test.WelcomePageTestCase"/>
</testsuite> <!-- test.WelcomePageTestCase -->
